[debug] [2017-07-02T08:45:04.610Z] ----------------------------------------------------------------------
[debug] [2017-07-02T08:45:04.610Z] Command:      C:\Program Files\nodejs\node.exe C:\Users\Asus\AppData\Roaming\npm\node_modules\firebase-tools\bin\firebase init function
[debug] [2017-07-02T08:45:04.610Z] CLI Version:  3.9.1
[debug] [2017-07-02T08:45:04.610Z] Platform:     win32
[debug] [2017-07-02T08:45:04.610Z] Node Version: v6.9.1
[debug] [2017-07-02T08:45:04.625Z] Time:         Sun Jul 02 2017 15:45:04 GMT+0700 (SE Asia Standard Time)
[debug] [2017-07-02T08:45:04.625Z] ----------------------------------------------------------------------
[debug] 
[debug] [2017-07-02T08:45:04.657Z] > command requires scopes: ["email","openid","https://www.googleapis.com/auth/cloudplatformprojects.readonly","https://www.googleapis.com/auth/firebase"]
[debug] [2017-07-02T08:45:04.657Z] > authorizing via signed-in user
[info] 
     ######## #### ########  ######## ########     ###     ######  ########
     ##        ##  ##     ## ##       ##     ##  ##   ##  ##       ##
     ######    ##  ########  ######   ########  #########  ######  ######
     ##        ##  ##    ##  ##       ##     ## ##     ##       ## ##
     ##       #### ##     ## ######## ########  ##     ##  ######  ########

You're about to initialize a Firebase project in this directory:

  D:\Semester 6\Gemastik\API-Tol

Before we get started, keep in mind:

  * You are initializing in an existing Firebase project directory

[info] 
=== Project Setup
[info] 
[info] First, let's associate this project directory with a Firebase project.
[info] You can create multiple project aliases by running firebase use --add, 
[info] but for now we'll just set up a default project.
[info] 
[debug] [2017-07-02T08:45:07.376Z] >>> HTTP REQUEST GET https://admin.firebase.com/v1/projects  
 Sun Jul 02 2017 15:45:07 GMT+0700 (SE Asia Standard Time)
[debug] [2017-07-02T08:45:08.360Z] Error: getaddrinfo ENOTFOUND admin.firebase.com admin.firebase.com:443
[error] 
[error] Error: Server Error. getaddrinfo ENOTFOUND admin.firebase.com admin.firebase.com:443
[debug] [2017-07-02T08:45:21.969Z] ----------------------------------------------------------------------
[debug] [2017-07-02T08:45:21.985Z] Command:      C:\Program Files\nodejs\node.exe C:\Users\Asus\AppData\Roaming\npm\node_modules\firebase-tools\bin\firebase init function
[debug] [2017-07-02T08:45:21.985Z] CLI Version:  3.9.1
[debug] [2017-07-02T08:45:21.985Z] Platform:     win32
[debug] [2017-07-02T08:45:21.985Z] Node Version: v6.9.1
[debug] [2017-07-02T08:45:21.985Z] Time:         Sun Jul 02 2017 15:45:21 GMT+0700 (SE Asia Standard Time)
[debug] [2017-07-02T08:45:21.985Z] ----------------------------------------------------------------------
[debug] 
[debug] [2017-07-02T08:45:22.016Z] > command requires scopes: ["email","openid","https://www.googleapis.com/auth/cloudplatformprojects.readonly","https://www.googleapis.com/auth/firebase"]
[debug] [2017-07-02T08:45:22.016Z] > authorizing via signed-in user
[info] 
     ######## #### ########  ######## ########     ###     ######  ########
     ##        ##  ##     ## ##       ##     ##  ##   ##  ##       ##
     ######    ##  ########  ######   ########  #########  ######  ######
     ##        ##  ##    ##  ##       ##     ## ##     ##       ## ##
     ##       #### ##     ## ######## ########  ##     ##  ######  ########

You're about to initialize a Firebase project in this directory:

  D:\Semester 6\Gemastik\API-Tol

Before we get started, keep in mind:

  * You are initializing in an existing Firebase project directory

[info] 
=== Project Setup
[info] 
[info] First, let's associate this project directory with a Firebase project.
[info] You can create multiple project aliases by running firebase use --add, 
[info] but for now we'll just set up a default project.
[info] 
[debug] [2017-07-02T08:45:26.704Z] >>> HTTP REQUEST GET https://admin.firebase.com/v1/projects  
 Sun Jul 02 2017 15:45:26 GMT+0700 (SE Asia Standard Time)
[debug] [2017-07-02T08:45:28.595Z] <<< HTTP RESPONSE 200
[info] i  .firebaserc already has a default project, skipping
[info] 
=== Function Setup
[debug] [2017-07-02T08:45:28.923Z] TypeError: features[nextFeature] is not a function
[error] 
[error] Error: An unexpected error has occurred.
